<?xml version="1.0" encoding="UTF-8"?>
<testng-results ignored="0" total="1" passed="1" failed="0" skipped="0">
  <reporter-output>
  </reporter-output>
  <suite started-at="2026-04-20T16:27:12 IST" name="Default suite" finished-at="2026-04-20T16:27:48 IST" duration-ms="36113">
    <groups>
    </groups>
    <test started-at="2026-04-20T16:27:12 IST" name="Default test" finished-at="2026-04-20T16:27:48 IST" duration-ms="36113">
      <class name="tests.BookingTest">
        <test-method is-config="true" signature="setup()[pri:0, instance:tests.BookingTest@4d5d943d]" started-at="2026-04-20T16:27:12 IST" name="setup" finished-at="2026-04-20T16:27:16 IST" duration-ms="3617" status="PASS">
          <reporter-output>
          </reporter-output>
        </test-method> <!-- setup -->
        <test-method signature="testBookingFlow()[pri:0, instance:tests.BookingTest@4d5d943d]" started-at="2026-04-20T16:27:16 IST" name="testBookingFlow" finished-at="2026-04-20T16:27:38 IST" duration-ms="22156" status="PASS">
          <reporter-output>
          </reporter-output>
        </test-method> <!-- testBookingFlow -->
        <test-method is-config="true" signature="tearDown()[pri:0, instance:tests.BookingTest@4d5d943d]" started-at="2026-04-20T16:27:38 IST" name="tearDown" finished-at="2026-04-20T16:27:48 IST" duration-ms="10304" status="PASS">
          <reporter-output>
          </reporter-output>
        </test-method> <!-- tearDown -->
      </class> <!-- tests.BookingTest -->
    </test> <!-- Default test -->
  </suite> <!-- Default suite -->
</testng-results>
